2024-09-18 22:58:49.237 [info] Extension host with pid 2670 started
2024-09-18 22:58:49.281 [info] Lock '/home/ec2-user/.vscode-server/data/User/workspaceStorage/db31ba997216474c36ff9e14015eaca0/vscode.lock': Lock acquired.
2024-09-18 22:58:49.785 [info] ExtensionService#_doActivateExtension vscode.emmet, startup: false, activationEvent: 'onLanguage'
2024-09-18 22:58:49.789 [info] ExtensionService#_doActivateExtension vscode.tunnel-forwarding, startup: false, activationEvent: 'onTunnel'
2024-09-18 22:58:49.813 [info] ExtensionService#_doActivateExtension vscode.git-base, startup: false, activationEvent: '*', root cause: vscode.git
2024-09-18 22:58:50.385 [info] ExtensionService#_doActivateExtension vscode.git, startup: false, activationEvent: '*'
2024-09-18 22:58:50.386 [info] ExtensionService#_doActivateExtension vscode.github, startup: false, activationEvent: '*'
2024-09-18 22:58:50.711 [info] Eager extensions activated
2024-09-18 22:58:50.712 [info] ExtensionService#_doActivateExtension vscode.debug-auto-launch, startup: false, activationEvent: 'onStartupFinished'
2024-09-18 22:58:50.713 [info] ExtensionService#_doActivateExtension vscode.merge-conflict, startup: false, activationEvent: 'onStartupFinished'
2024-09-18 23:01:03.527 [error] Error: connect ETIMEDOUT 52.168.112.67:443
	at TCPConnectWrap.afterConnect [as oncomplete] (node:net:1606:16)
2024-09-18 23:03:16.646 [error] Error: connect ETIMEDOUT 20.44.10.123:443
	at TCPConnectWrap.afterConnect [as oncomplete] (node:net:1606:16)
2024-09-18 23:03:55.050 [info] ExtensionService#_doActivateExtension vscode.npm, startup: false, activationEvent: 'onTerminalQuickFixRequest:ms-vscode.npm-command'
2024-09-18 23:04:00.901 [info] ExtensionService#_doActivateExtension vscode.configuration-editing, startup: false, activationEvent: 'onLanguage:json'
2024-09-18 23:04:00.902 [info] ExtensionService#_doActivateExtension vscode.extension-editing, startup: false, activationEvent: 'onLanguage:json'
2024-09-18 23:04:00.902 [info] ExtensionService#_doActivateExtension vscode.json-language-features, startup: false, activationEvent: 'onLanguage:json'
2024-09-19 05:20:28.916 [info] Extension host terminating: renderer disconnected for too long (1)
2024-09-19 05:20:28.917 [info] Lock '/home/ec2-user/.vscode-server/data/User/workspaceStorage/db31ba997216474c36ff9e14015eaca0/vscode.lock': Marking the lockfile as scheduled to be released in 6000 ms.
2024-09-19 05:20:28.982 [info] Extension host with pid 2670 exiting with code 0
