2024-09-18 05:29:41.035 [info] Extension host with pid 15908 started
2024-09-18 05:29:41.035 [error] Error: EEXIST: file already exists, open '/home/ec2-user/.vscode-server/data/User/workspaceStorage/db31ba997216474c36ff9e14015eaca0/vscode.lock'
2024-09-18 05:29:41.062 [info] Lock '/home/ec2-user/.vscode-server/data/User/workspaceStorage/db31ba997216474c36ff9e14015eaca0/vscode.lock': Could not acquire lock, checking if the file is stale.
2024-09-18 05:29:41.089 [info] ExtensionService#_doActivateExtension vscode.emmet, startup: false, activationEvent: 'onLanguage'
2024-09-18 05:29:41.096 [info] ExtensionService#_doActivateExtension vscode.tunnel-forwarding, startup: false, activationEvent: 'onTunnel'
2024-09-18 05:29:41.096 [info] ExtensionService#_doActivateExtension vscode.git-base, startup: false, activationEvent: '*', root cause: vscode.git
2024-09-18 05:29:41.121 [info] Lock '/home/ec2-user/.vscode-server/data/User/workspaceStorage/db31ba997216474c36ff9e14015eaca0/vscode.lock': The lock does not look stale, elapsed: 1016 ms, giving up.
2024-09-18 05:29:41.123 [error] Error: EEXIST: file already exists, open '/home/ec2-user/.vscode-server/data/User/workspaceStorage/db31ba997216474c36ff9e14015eaca0-1/vscode.lock'
2024-09-18 05:29:41.125 [info] Lock '/home/ec2-user/.vscode-server/data/User/workspaceStorage/db31ba997216474c36ff9e14015eaca0-1/vscode.lock': Could not acquire lock, checking if the file is stale.
2024-09-18 05:29:41.125 [info] Lock '/home/ec2-user/.vscode-server/data/User/workspaceStorage/db31ba997216474c36ff9e14015eaca0-1/vscode.lock': The pid 11828 appears to be gone.
2024-09-18 05:29:41.126 [info] Lock '/home/ec2-user/.vscode-server/data/User/workspaceStorage/db31ba997216474c36ff9e14015eaca0-1/vscode.lock': Deleting a stale lock.
2024-09-18 05:29:41.130 [info] Lock '/home/ec2-user/.vscode-server/data/User/workspaceStorage/db31ba997216474c36ff9e14015eaca0-1/vscode.lock': Lock acquired.
2024-09-18 05:29:41.327 [info] ExtensionService#_doActivateExtension vscode.git, startup: false, activationEvent: '*'
2024-09-18 05:29:41.328 [info] ExtensionService#_doActivateExtension vscode.github, startup: false, activationEvent: '*'
2024-09-18 05:29:41.622 [info] Eager extensions activated
2024-09-18 05:29:41.623 [info] ExtensionService#_doActivateExtension vscode.debug-auto-launch, startup: false, activationEvent: 'onStartupFinished'
2024-09-18 05:29:41.624 [info] ExtensionService#_doActivateExtension vscode.merge-conflict, startup: false, activationEvent: 'onStartupFinished'
2024-09-18 05:29:59.102 [info] ExtensionService#_doActivateExtension vscode.npm, startup: false, activationEvent: 'onTerminalQuickFixRequest:ms-vscode.npm-command'
2024-09-18 05:30:05.047 [info] ExtensionService#_doActivateExtension vscode.configuration-editing, startup: false, activationEvent: 'onLanguage:json'
2024-09-18 05:30:05.048 [info] ExtensionService#_doActivateExtension vscode.extension-editing, startup: false, activationEvent: 'onLanguage:json'
2024-09-18 05:30:05.048 [info] ExtensionService#_doActivateExtension vscode.json-language-features, startup: false, activationEvent: 'onLanguage:json'
2024-09-18 05:31:53.023 [error] Error: connect ETIMEDOUT 52.182.143.215:443
	at TCPConnectWrap.afterConnect [as oncomplete] (node:net:1606:16)
2024-09-18 05:34:06.133 [error] Error: connect ETIMEDOUT 20.42.73.28:443
	at TCPConnectWrap.afterConnect [as oncomplete] (node:net:1606:16)
